[2023-06-27 15:03:35] Executing bootstrap tasks
[2023-06-27 15:03:35] OpenJDK Runtime Environment 17.0.7+7
[2023-06-27 15:03:35] Product org.eclipse.products.epp.package.java.2023-06
[2023-06-27 15:03:35] Bundle org.eclipse.oomph.setup 1.26.0.v20230416-0656, build=5945, branch=c5558820f367665758d4d719b7553a02ff4954e0
[2023-06-27 15:03:35] Bundle org.eclipse.oomph.setup.core 1.27.0.v20230402-0730, build=5945, branch=c5558820f367665758d4d719b7553a02ff4954e0
[2023-06-27 15:03:35] Bundle org.eclipse.oomph.setup.p2 1.19.0.v20230416-1150, build=5945, branch=c5558820f367665758d4d719b7553a02ff4954e0
[2023-06-27 15:03:35] Performing P2 Director (Eclipse IDE for Java Developers (2023-06))
[2023-06-27 15:03:35] Offline = false
[2023-06-27 15:03:35] Mirrors = true
[2023-06-27 15:03:35] Resolving 26 requirements from 3 repositories to C:\Users\agibier\Documents\git\ABCDEV_2306_GA\java-2023-06\eclipse
[2023-06-27 15:03:35] Requirement org.eclipse.equinox.p2.iu:epp.package.java [4.28.0,5.0.0) (filter=(|(&(osgi.arch=aarch64)(osgi.os=linux)(osgi.ws=gtk))(&(osgi.arch=aarch64)(osgi.os=macosx)(osgi.ws=cocoa))(&(osgi.arch=x86_64)(osgi.os=linux)(osgi.ws=gtk))(&(osgi.arch=x86_64)(osgi.os=macosx)(osgi.ws=cocoa))(&(osgi.arch=x86_64)(osgi.os=win32)(osgi.ws=win32))))
[2023-06-27 15:03:35] Requirement org.eclipse.equinox.p2.iu:org.eclipse.platform.feature.group [4.28.0,5.0.0)
[2023-06-27 15:03:35] Requirement org.eclipse.equinox.p2.iu:org.eclipse.rcp.feature.group [4.28.0,5.0.0)
[2023-06-27 15:03:35] Requirement org.eclipse.equinox.p2.iu:org.eclipse.buildship.feature.group
[2023-06-27 15:03:35] Requirement org.eclipse.equinox.p2.iu:org.eclipse.eclemma.feature.feature.group
[2023-06-27 15:03:35] Requirement org.eclipse.equinox.p2.iu:org.eclipse.egit.feature.group
[2023-06-27 15:03:35] Requirement org.eclipse.equinox.p2.iu:org.eclipse.epp.mpc.feature.group
[2023-06-27 15:03:35] Requirement org.eclipse.equinox.p2.iu:org.eclipse.jdt.bcoview.feature.feature.group
[2023-06-27 15:03:35] Requirement org.eclipse.equinox.p2.iu:org.eclipse.jdt.feature.group
[2023-06-27 15:03:35] Requirement org.eclipse.equinox.p2.iu:org.eclipse.jgit.feature.group
[2023-06-27 15:03:35] Requirement org.eclipse.equinox.p2.iu:org.eclipse.m2e.feature.feature.group
[2023-06-27 15:03:35] Requirement org.eclipse.equinox.p2.iu:org.eclipse.m2e.lemminx.feature.feature.group
[2023-06-27 15:03:35] Requirement org.eclipse.equinox.p2.iu:org.eclipse.m2e.logback.feature.feature.group
[2023-06-27 15:03:35] Requirement org.eclipse.equinox.p2.iu:org.eclipse.mylyn.commons.activity.feature.group
[2023-06-27 15:03:35] Requirement org.eclipse.equinox.p2.iu:org.eclipse.mylyn.egit.feature.feature.group
[2023-06-27 15:03:35] Requirement org.eclipse.equinox.p2.iu:org.eclipse.mylyn.git.feature.group
[2023-06-27 15:03:35] Requirement org.eclipse.equinox.p2.iu:org.eclipse.mylyn.github.feature.feature.group
[2023-06-27 15:03:35] Requirement org.eclipse.equinox.p2.iu:org.eclipse.mylyn.hudson.feature.group
[2023-06-27 15:03:35] Requirement org.eclipse.equinox.p2.iu:org.eclipse.mylyn.ide_feature.feature.group
[2023-06-27 15:03:35] Requirement org.eclipse.equinox.p2.iu:org.eclipse.mylyn.java_feature.feature.group
[2023-06-27 15:03:35] Requirement org.eclipse.equinox.p2.iu:org.eclipse.mylyn.reviews.feature.feature.group
[2023-06-27 15:03:35] Requirement org.eclipse.equinox.p2.iu:org.eclipse.mylyn.wikitext_feature.feature.group
[2023-06-27 15:03:35] Requirement org.eclipse.equinox.p2.iu:org.eclipse.tips.feature.feature.group
[2023-06-27 15:03:35] Requirement org.eclipse.equinox.p2.iu:org.eclipse.tm.terminal.feature.feature.group
[2023-06-27 15:03:35] Requirement org.eclipse.equinox.p2.iu:org.eclipse.wildwebdeveloper.xml.feature.feature.group
[2023-06-27 15:03:35] Requirement org.eclipse.equinox.p2.iu:org.eclipse.oomph.setup.feature.group
[2023-06-27 15:03:35] Repository https://download.eclipse.org/technology/epp/packages/2023-06/202306081200
[2023-06-27 15:03:35] Repository https://download.eclipse.org/releases/2023-06/202306141000
[2023-06-27 15:03:35] Repository https://download.eclipse.org/oomph/updates/milestone/latest
[2023-06-27 15:03:37] Calculating requirements and dependencies.
[2023-06-27 15:03:37] Computing prerequisite plan
[2023-06-27 15:03:39] Collecting 2 artifacts from https://download.eclipse.org/releases/2023-06/202306141000
[2023-06-27 15:03:40] Downloading org.eclipse.platform_root
[2023-06-27 15:03:40] Downloading org.eclipse.rcp_root
[2023-06-27 15:03:40] Collected 2 artifacts for https://download.eclipse.org/releases/2023-06/202306141000 in 1.546s
[2023-06-27 15:03:40] Collecting 1 artifacts from https://download.eclipse.org/technology/epp/packages/2023-06/202306081200
[2023-06-27 15:03:40] Downloading epp.package.java.executable.win32.win32.x86_64
[2023-06-27 15:03:40] Collected 1 artifacts for https://download.eclipse.org/technology/epp/packages/2023-06/202306081200 in 0.001s
[2023-06-27 15:03:48] Installing a.jre.javase [21.0.0]
[2023-06-27 15:03:48] Installing bcpg [1.73.0]
[2023-06-27 15:03:48] Installing bcpkix [1.73.0]
[2023-06-27 15:03:48] Installing bcprov [1.73.0]
[2023-06-27 15:03:48] Installing bcutil [1.73.0]
[2023-06-27 15:03:48] Installing ch.qos.logback.classic [1.2.12]
[2023-06-27 15:03:48] Installing ch.qos.logback.core [1.2.12]
[2023-06-27 15:03:48] Installing com.google.gson [2.10.1.v20230109-0753]
[2023-06-27 15:03:48] Installing com.google.guava [31.1.0.jre]
[2023-06-27 15:03:48] Installing com.google.guava.failureaccess [1.0.1]
[2023-06-27 15:03:48] Installing com.googlecode.javaewah.JavaEWAH [1.2.3]
[2023-06-27 15:03:48] Installing com.ibm.icu [73.1.0]
[2023-06-27 15:03:48] Installing com.jcraft.jsch [0.1.55.v20221112-0806]
[2023-06-27 15:03:48] Installing com.mountainminds.eclemma.core [3.1.7.202306070845]
[2023-06-27 15:03:48] Installing com.sun.el.javax.el [3.0.0]
[2023-06-27 15:03:48] Installing com.sun.jna [5.13.0]
[2023-06-27 15:03:48] Installing com.sun.jna.platform [5.13.0]
[2023-06-27 15:03:48] Installing com.sun.xml.bind [2.3.3.v20221203-1659]
[2023-06-27 15:03:48] Installing epp.package.java [4.28.0.20230608-1200]
[2023-06-27 15:03:48] Installing epp.package.java.executable.win32.win32.x86_64 [4.28.0.20230608-1200]
[2023-06-27 15:03:48] Installing epp.package.java.executable.win32.win32.x86_64.eclipse [4.28.0.20230608-1200]
[2023-06-27 15:03:48] Installing jakarta.servlet-api [4.0.0]
[2023-06-27 15:03:48] Installing jakarta.xml.bind [2.3.3.v20221203-1659]
[2023-06-27 15:03:48] Installing javax.activation [1.2.2.v20221203-1659]
[2023-06-27 15:03:48] Installing javax.annotation [1.3.5.v20230504-0748]
[2023-06-27 15:03:48] Installing javax.el-api [3.0.3]
[2023-06-27 15:03:48] Installing javax.inject [1.0.0.v20220405-0441]
[2023-06-27 15:03:48] Installing javax.servlet.jsp-api [2.3.3]
[2023-06-27 15:03:48] Installing javax.xml [1.4.1.v20220503-2331]
[2023-06-27 15:03:48] Installing junit-jupiter-api [5.9.3]
[2023-06-27 15:03:48] Installing junit-jupiter-engine [5.9.3]
[2023-06-27 15:03:48] Installing junit-jupiter-migrationsupport [5.9.3]
[2023-06-27 15:03:48] Installing junit-jupiter-params [5.9.3]
[2023-06-27 15:03:48] Installing junit-platform-commons [1.9.3]
[2023-06-27 15:03:48] Installing junit-platform-engine [1.9.3]
[2023-06-27 15:03:48] Installing junit-platform-launcher [1.9.3]
[2023-06-27 15:03:48] Installing junit-platform-runner [1.9.3]
[2023-06-27 15:03:48] Installing junit-platform-suite-api [1.9.3]
[2023-06-27 15:03:48] Installing junit-platform-suite-commons [1.9.3]
[2023-06-27 15:03:48] Installing junit-platform-suite-engine [1.9.3]
[2023-06-27 15:03:48] Installing junit-vintage-engine [5.9.3]
[2023-06-27 15:03:48] Installing net.i2p.crypto.eddsa [0.3.0.v20220506-1020]
[2023-06-27 15:03:48] Installing org.apache.ant [1.10.12.v20211102-1452]
[2023-06-27 15:03:48] Installing org.apache.aries.spifly.dynamic.bundle [1.3.6]
[2023-06-27 15:03:48] Installing org.apache.batik.constants [1.16.0.v20221027-0840]
[2023-06-27 15:03:48] Installing org.apache.batik.css [1.16.0.v20221027-0840]
[2023-06-27 15:03:48] Installing org.apache.batik.i18n [1.16.0.v20221027-0840]
[2023-06-27 15:03:48] Installing org.apache.batik.util [1.16.0.v20221027-0840]
[2023-06-27 15:03:48] Installing org.apache.commons.cli [1.5.0]
[2023-06-27 15:03:48] Installing org.apache.commons.codec [1.14.0.v20221112-0806]
[2023-06-27 15:03:48] Installing org.apache.commons.compress [1.22.0.v20221207-1049]
[2023-06-27 15:03:48] Installing org.apache.commons.httpclient [3.1.0.v201012070820]
[2023-06-27 15:03:48] Installing org.apache.commons.io [2.8.0.v20210415-0900]
[2023-06-27 15:03:48] Installing org.apache.commons.jxpath [1.3.0.v200911051830]
[2023-06-27 15:03:48] Installing org.apache.commons.lang [2.6.0.v20220406-2305]
[2023-06-27 15:03:48] Installing org.apache.commons.logging [1.2.0.v20180409-1502]
[2023-06-27 15:03:48] Installing org.apache.felix.gogo.command [1.1.2]
[2023-06-27 15:03:48] Installing org.apache.felix.gogo.runtime [1.1.6]
[2023-06-27 15:03:48] Installing org.apache.felix.gogo.shell [1.1.4]
[2023-06-27 15:03:48] Installing org.apache.felix.scr [2.2.6]
[2023-06-27 15:03:48] Installing org.apache.httpcomponents.client5.httpclient5 [5.1.3.v20221013-1742]
[2023-06-27 15:03:48] Installing org.apache.httpcomponents.client5.httpclient5-win [5.1.3.v20221013-1742]
[2023-06-27 15:03:48] Installing org.apache.httpcomponents.core5.httpcore5 [5.1.4.v20221013-1742]
[2023-06-27 15:03:48] Installing org.apache.httpcomponents.core5.httpcore5-h2 [5.1.4.v20221013-1742]
[2023-06-27 15:03:48] Installing org.apache.httpcomponents.httpclient [4.5.14.v20230516-1249]
[2023-06-27 15:03:48] Installing org.apache.httpcomponents.httpcore [4.4.16.v20221207-1049]
[2023-06-27 15:03:48] Installing org.apache.jasper.glassfish [2.2.2.v201501141630]
[2023-06-27 15:03:48] Installing org.apache.lucene.analysis-common [9.4.2.v20221211-0752]
[2023-06-27 15:03:48] Installing org.apache.lucene.analysis-smartcn [9.4.2.v20221211-0752]
[2023-06-27 15:03:48] Installing org.apache.lucene.core [9.4.2.v20221211-0752]
[2023-06-27 15:03:48] Installing org.apache.lucene.queries [9.5.0.v20230521-0510]
[2023-06-27 15:03:48] Installing org.apache.lucene.queryparser [9.5.0.v20230521-0510]
[2023-06-27 15:03:48] Installing org.apache.lucene.sandbox [9.5.0.v20230521-0510]
[2023-06-27 15:03:48] Installing org.apache.sshd.osgi [2.10.0]
[2023-06-27 15:03:48] Installing org.apache.sshd.sftp [2.10.0]
[2023-06-27 15:03:48] Installing org.apache.xerces [2.12.2.v20220131-0835]
[2023-06-27 15:03:48] Installing org.apache.xml.resolver [1.2.0.v20220715-1206]
[2023-06-27 15:03:48] Installing org.apache.xmlgraphics [2.7.0.v20221018-0736]
[2023-06-27 15:03:48] Installing org.apiguardian.api [1.1.2]
[2023-06-27 15:03:48] Installing org.eclipse.ant.core [3.7.0.v20230329-1001]
[2023-06-27 15:03:48] Installing org.eclipse.ant.launching [1.4.0.v20230329-1001]
[2023-06-27 15:03:48] Installing org.eclipse.ant.ui [3.9.0.v20230329-1001]
[2023-06-27 15:03:48] Installing org.eclipse.buildship.branding [3.1.7.v20230428-1350]
[2023-06-27 15:03:48] Installing org.eclipse.buildship.compat [3.1.7.v20230428-1350]
[2023-06-27 15:03:48] Installing org.eclipse.buildship.core [3.1.7.v20230428-1350]
[2023-06-27 15:03:48] Installing org.eclipse.buildship.feature.group [3.1.7.v20230428-1350]
[2023-06-27 15:03:48] Installing org.eclipse.buildship.feature.jar [3.1.7.v20230428-1350]
[2023-06-27 15:03:48] Installing org.eclipse.buildship.ui [3.1.7.v20230428-1350]
[2023-06-27 15:03:48] Installing org.eclipse.cdt.core.native [6.3.200.202303140100]
[2023-06-27 15:03:48] Installing org.eclipse.cdt.core.win32 [6.1.0.202211062329]
[2023-06-27 15:03:48] Installing org.eclipse.cdt.core.win32.x86_64 [11.2.0.202306051917]
[2023-06-27 15:03:48] Installing org.eclipse.compare [3.9.0.v20230504-0624]
[2023-06-27 15:03:48] Installing org.eclipse.compare.core [3.8.0.v20230517-1315]
[2023-06-27 15:03:48] Installing org.eclipse.compare.win32 [1.3.0.v20230317-0901]
[2023-06-27 15:03:48] Installing org.eclipse.core.commands [3.11.0.v20230317-0802]
[2023-06-27 15:03:48] Installing org.eclipse.core.contenttype [3.9.0.v20230412-0829]
[2023-06-27 15:03:48] Installing org.eclipse.core.databinding [1.13.0.v20230501-1533]
[2023-06-27 15:03:48] Installing org.eclipse.core.databinding.beans [1.10.0.v20230317-0802]
[2023-06-27 15:03:48] Installing org.eclipse.core.databinding.observable [1.13.0.v20230501-1533]
[2023-06-27 15:03:48] Installing org.eclipse.core.databinding.property [1.10.0.v20230317-0802]
[2023-06-27 15:03:48] Installing org.eclipse.core.expressions [3.9.0.v20230317-0901]
[2023-06-27 15:03:48] Installing org.eclipse.core.externaltools [1.3.0.v20230317-0802]
[2023-06-27 15:03:48] Installing org.eclipse.core.filebuffers [3.8.0.v20230316-1200]
[2023-06-27 15:03:48] Installing org.eclipse.core.filesystem [1.10.0.v20230425-0513]
[2023-06-27 15:03:48] Installing org.eclipse.core.filesystem.win32.x86_64 [1.4.300.v20220812-1420]
[2023-06-27 15:03:48] Installing org.eclipse.core.jobs [3.14.0.v20230317-0901]
[2023-06-27 15:03:48] Installing org.eclipse.core.net [1.5.0.v20230317-0901]
[2023-06-27 15:03:48] Installing org.eclipse.core.net.win32 [1.1.0.v20230317-0901]
[2023-06-27 15:03:48] Installing org.eclipse.core.net.win32.x86_64 [1.2.0.v20230317-0901]
[2023-06-27 15:03:48] Installing org.eclipse.core.resources [3.19.0.v20230510-1240]
[2023-06-27 15:03:48] Installing org.eclipse.core.resources.win32.x86_64 [3.5.500.v20220812-1420]
[2023-06-27 15:03:48] Installing org.eclipse.core.runtime [3.27.0.v20230515-1719]
[2023-06-27 15:03:48] Installing org.eclipse.core.variables [3.6.0.v20230317-0802]
[2023-06-27 15:03:48] Installing org.eclipse.debug.core [3.21.0.v20230508-1538]
[2023-06-27 15:03:48] Installing org.eclipse.debug.ui [3.18.0.v20230516-0719]
[2023-06-27 15:03:48] Installing org.eclipse.debug.ui.launchview [1.1.0.v20230429-1604]
[2023-06-27 15:03:48] Installing org.eclipse.e4.core.commands [1.1.0.v20230501-1823]
[2023-06-27 15:03:48] Installing org.eclipse.e4.core.contexts [1.12.0.v20230510-1240]
[2023-06-27 15:03:48] Installing org.eclipse.e4.core.di [1.9.0.v20230429-1914]
[2023-06-27 15:03:48] Installing org.eclipse.e4.core.di.annotations [1.8.0.v20230429-1914]
[2023-06-27 15:03:48] The engine operation was cancelled and the changes are being rolled back.
[2023-06-27 15:03:48] 
